
=== Wed Jan 22 16:25:41 2020

Packages were changed.
Update Mode: mergeDefaultDependencies

The following packages were updated:
  com.unity.analytics from version 3.2.2 to 3.3.2
  com.unity.collab-proxy from version 1.2.9 to 1.2.16
  com.unity.package-manager-ui from version 2.1.1 to 2.1.2
  com.unity.purchasing from version 2.0.1 to 2.0.6
  com.unity.textmeshpro from version 1.3.0 to 2.0.1
  com.unity.timeline from version 0.0.0-builtin to 1.0.0

=== Sun Feb 23 19:57:16 2020

Packages were changed.
Update Mode: updateDependencies

The following packages were 追加済:
  com.unity.multiplayer-hlapi@1.0.2
  com.unity.xr.legacyinputhelpers@2.0.2

=== Sun Feb 23 22:53:59 2020

Packages were changed.
Update Mode: updateDependencies

The following packages were 追加済:
  com.unity.2d.sprite@1.0.0
  com.unity.2d.tilemap@1.0.0
  com.unity.ide.rider@1.1.4
  com.unity.ide.vscode@1.1.4
  com.unity.modules.androidjni@1.0.0
  com.unity.test-framework@1.1.11
  com.unity.ugui@1.0.0
The following packages were 更新済:
  com.unity.analytics をバージョン 3.3.2 から 3.3.5 へ
  com.unity.multiplayer-hlapi をバージョン 1.0.2 から 1.0.4 へ
  com.unity.timeline をバージョン 1.0.0 から 1.2.10 へ
The following packages were 削除済:
  com.unity.package-manager-ui@2.1.2
